0	1	mikroCPIC1618.exe -MSF -DBG -pP16F876A -RA -DL -O11111114 -fo8 -N"F:\Artem\Progects_MC\Inkubator.mcppi" -SP"C:\Program Files\Mikroelektronika\mikroC PRO for PIC\defs\" -SP"C:\Program Files\Mikroelektronika\mikroC PRO for PIC\Uses\P16\" -SP"F:\Artem\Progects_MC\" "Inkubator.c" "__Lib_Math.mcl" "__Lib_MathDouble.mcl" "__Lib_System.mcl" "__Lib_Delays.mcl" "__Lib_CType.mcl" "__Lib_CString.mcl" "__Lib_CStdlib.mcl" "__Lib_CMath.mcl" "__Lib_MemManager.mcl" "__Lib_Conversions.mcl" "__Lib_Sprinti.mcl" "__Lib_Sprintl.mcl" "__Lib_Time.mcl" "__Lib_Trigonometry.mcl" "__Lib_Button.mcl" "__Lib_Keypad4x4.mcl" "__Lib_Manchester.mcl" "__Lib_OneWire.mcl" "__Lib_PS2.mcl" "__Lib_Sound.mcl" "__Lib_SoftI2C.mcl" "__Lib_SoftSPI.mcl" "__Lib_SoftUART.mcl" "__Lib_ADC_A_C.mcl" "__Lib_EEPROM.mcl" "__Lib_FLASH_RW.mcl" "__Lib_I2C_c34.mcl" "__Lib_PWM_c21.mcl" "__Lib_SPI_c345.mcl" "__Lib_UART_c67.mcl" "__Lib_PortExpander.mcl" "__Lib_CANSPI.mcl" "__Lib_CF.mcl" "__Lib_GlcdFonts.mcl" "__Lib_Glcd.mcl" "__Lib_LcdConsts.mcl" "__Lib_Lcd.mcl" "__Lib_RS485.mcl" "__Lib_S1D13700.mcl" "__Lib_T6963C.mcl" "__Lib_SPIGlcd.mcl" "__Lib_SPILcd.mcl" "__Lib_SPILcd8.mcl" "__Lib_SPIT6963C.mcl" "__Lib_EthEnc28j60.mcl" "__Lib_EthEnc24j600.mcl" "__Lib_TouchPanel.mcl"	 
hint: 0	1139	Available RAM: 352 [bytes], Available ROM: 8192 [bytes]	 
diagnostics: 0	122	Compilation Started	P16F876A.c
diagnostics: 586	123	Compiled Successfully	P16F876A.c
diagnostics: 0	122	Compilation Started	__Lib_Delays.c
diagnostics: 123	123	Compiled Successfully	__Lib_Delays.c
diagnostics: 0	122	Compilation Started	__Lib_MemManager.c
warning: 34	1508	Implicit conversion of int to ptr	__Lib_MemManager.c
diagnostics: 231	123	Compiled Successfully	__Lib_MemManager.c
diagnostics: 0	122	Compilation Started	__Lib_GlcdFonts.c
diagnostics: 1207	123	Compiled Successfully	__Lib_GlcdFonts.c
diagnostics: 0	122	Compilation Started	Inkubator.c
hint: 216	1163	Variable 'temp1' has been declared, but not used	Inkubator.c
hint: 216	1163	Variable 'temp2' has been declared, but not used	Inkubator.c
hint: 218	1163	Variable 'f_temp' has been declared, but not used	Inkubator.c
diagnostics: 277	123	Compiled Successfully	Inkubator.c
diagnostics: 0	127	All files Compiled in 40 ms	 
hint: 0	1144	Used RAM (bytes): 48 (14%)  Free RAM (bytes): 304 (86%)	Used RAM (bytes): 48 (14%)  Free RAM (bytes): 304 (86%)
hint: 0	1144	Used ROM (program words): 2859 (35%)  Free ROM (program words): 5333 (65%)	Used ROM (program words): 2859 (35%)  Free ROM (program words): 5333 (65%)
diagnostics: 0	125	Project Linked Successfully	Inkubator.mcppi
diagnostics: 0	128	Linked in 80 ms	 
diagnostics: 0	129	Project 'Inkubator.mcppi' completed: 281 ms	 
diagnostics: 0	103	Finished successfully: 24 ноя 2014, 20:36:01	Inkubator.mcppi
